value=
val_type=shmem_wave
data_type=double
value_id=22118401
semaphore_id=11599874
eval_id=
value=
val_type=shmem_wave
data_type=double
value_id=22118401
semaphore_id=11599874
eval_id=
value=
val_type=shmem_wave
data_type=double
value_id=22118401
semaphore_id=11599874
eval_id=
value=
val_type=shmem_wave
data_type=double
value_id=22118401
semaphore_id=11599874
eval_id=
value=
val_type=shmem_wave
data_type=double
value_id=22118401
semaphore_id=11599874
eval_id=
value=
val_type=shmem_wave
data_type=double
value_id=22118401
semaphore_id=11599874
eval_id=
value=
val_type=shmem_wave
data_type=double
value_id=22118401
semaphore_id=11599874
eval_id=
value=
val_type=shmem_wave
data_type=double
value_id=22118401
semaphore_id=11599874
eval_id=
value=
val_type=shmem_wave
data_type=double
value_id=22118401
semaphore_id=11599874
eval_id=
value=
val_type=shmem_wave
data_type=double
value_id=22118401
semaphore_id=11599874
eval_id=
value=
val_type=shmem_wave
data_type=double
value_id=22118401
semaphore_id=11599874
eval_id=
value=
val_type=shmem_wave
data_type=double
value_id=22118401
semaphore_id=11599874
eval_id=
value=
val_type=shmem_wave
data_type=double
value_id=22118401
semaphore_id=11599874
eval_id=
value=
val_type=shmem_wave
data_type=double
value_id=22118401
semaphore_id=11599874
eval_id=
value=
val_type=shmem_wave
data_type=double
value_id=22118401
semaphore_id=11599874
eval_id=
value=
val_type=shmem_wave
data_type=double
value_id=22118401
semaphore_id=11599874
eval_id=
value=
val_type=shmem_wave
data_type=double
value_id=22118401
semaphore_id=11599874
eval_id=
value=
val_type=shmem_wave
data_type=double
value_id=22118401
semaphore_id=11599874
eval_id=
value=
val_type=shmem_wave
data_type=double
value_id=22118401
semaphore_id=11599874
eval_id=
value=
val_type=shmem_wave
data_type=double
value_id=22118401
semaphore_id=11599874
eval_id=
value=
val_type=shmem_wave
data_type=double
value_id=22118401
semaphore_id=11599874
eval_id=
value=
val_type=shmem_wave
data_type=double
value_id=22118401
semaphore_id=11599874
eval_id=
value=
val_type=shmem_wave
data_type=double
value_id=22118401
semaphore_id=11599874
eval_id=
value=
val_type=shmem_wave
data_type=double
value_id=22118401
semaphore_id=11599874
eval_id=
value=
val_type=shmem_wave
data_type=double
value_id=22118401
semaphore_id=11599874
eval_id=
value=
val_type=shmem_wave
data_type=double
value_id=22118401
semaphore_id=11599874
eval_id=
value=
val_type=shmem_wave
data_type=double
value_id=22118401
semaphore_id=11599874
eval_id=
value=
val_type=shmem_wave
data_type=double
value_id=22118401
semaphore_id=11599874
eval_id=
