\o Program:		@(#)$CDS: libManager.exe version Exp 01/19/2010 20:09 (ocelot-linux) $
\o Sub version:		sub-version none
\o Arguments:		-unmapped -mpssession icfb9685 -mpshost ee4610.ewi.tudelft.nl 
\o Working Directory:	ee4610.ewi.tudelft.nl:/home/sandervanleeuw/EE4615/work_space/cell_design
\o Extended color mode (TrueColor 32 0x41) in use.
\o Warning: LIB basic from File /home/sandervanleeuw/EE4615/work_space/cell_design/cds.lib Line 7 redefines
\o LIB basic from File /u/55/55/cadence/DesignKits/UMC090_ET4293/designkit/cds.lib
\o Insert UNDEFINE basic
\o before DEFINE basic
\o     in /home/sandervanleeuw/EE4615/work_space/cell_design/cds.lib
\o Or remove or comment out DEFINE basic
\o     in /u/55/55/cadence/DesignKits/UMC090_ET4293/designkit/cds.lib
\o to suppress this warning message.
\o Library Manager customization server connected.
MPS service: map window
\o Log file is "/home/sandervanleeuw/EE4615/work_space/cell_design/libManager.log".
Opening libManager window.
Main selection: EE4615 c_array
Invoking command (editRename).
Showing dialog "Rename Cell EE4615/c_array" (renameDialog).
Dialog activated Ok in "Rename Cell EE4615/c_array" (renameDialog).
\o Renaming cell "c_array" to "standard_load" in library "EE4615".
Showing dialog "Rename Monitor - 10 Files" (copyProgressDialog).
\o Copying EE4615/c_array/schematic
\o Copying EE4615/c_array/symbol
\o Copying EE4615/c_array/prop.xx
\o Transfer of 10 files phase complete in  0:00:00
Closing dialog "Rename Monitor - 10 Files" (copyProgressDialog).
\o Performing instance update.
\o Start running ccpCdbaUpdtr ...
\o *WARNING* LIB basic from File /home/sandervanleeuw/EE4615/work_space/cell_design/cds.lib Line 7 redefines
\o ccpCdbaUpdtr ran successfully ...
\o LIB basic from File /u/55/55/cadence/DesignKits/UMC090_ET4293/designkit/cds.lib
\o Insert UNDEFINE basic
\o before DEFINE basic
\o     in /home/sandervanleeuw/EE4615/work_space/cell_design/cds.lib
\o Or remove or comment out DEFINE basic
\o     in /u/55/55/cadence/DesignKits/UMC090_ET4293/designkit/cds.lib
\o to suppress this warning message.
\o Loading umc90nm/libInit.il ...
\o 	Loading umc90nm/loadCxt.ile ... done!
\o 	Loading context 'umc90nm' from library 'umc90nm' ... done!
\o 	Loading context 'pdkUtils' from library 'umc90nm' ... done!
\o 	Loading context 'Util' from library 'umc90nm' ... done!
\o 	Loading context 'RF_CB_all' from library 'umc90nm' ... done!
\o 	Loading context 'MM_other_CB' from library 'umc90nm' ... done!
\o 	Loading context 'OIF_OCF_CB_all' from library 'umc90nm' ... done!
\o 	Loading umc90nm/.cdsenv ... done!
\o 	Loading umc90nm/libInitCustomExit.il ... done!
\o Loaded umc90nm/libInit.il successfully!
Closing dialog "Rename Cell EE4615/c_array" (renameDialog).
\o Warning: LIB basic from File /home/sandervanleeuw/EE4615/work_space/cell_design/cds.lib Line 7 redefines
\o LIB basic from File /u/55/55/cadence/DesignKits/UMC090_ET4293/designkit/cds.lib
\o Insert UNDEFINE basic
\o before DEFINE basic
\o     in /home/sandervanleeuw/EE4615/work_space/cell_design/cds.lib
\o Or remove or comment out DEFINE basic
\o     in /u/55/55/cadence/DesignKits/UMC090_ET4293/designkit/cds.lib
\o to suppress this warning message.
MPS request: update library list
Main selection: EE4615 standard_load
\o Opening design file through session server.
MPS request: edit design
\o Warning: LIB basic from File /home/sandervanleeuw/EE4615/work_space/cell_design/cds.lib Line 7 redefines
\o LIB basic from File /u/55/55/cadence/DesignKits/UMC090_ET4293/designkit/cds.lib
\o Insert UNDEFINE basic
\o before DEFINE basic
\o     in /home/sandervanleeuw/EE4615/work_space/cell_design/cds.lib
\o Or remove or comment out DEFINE basic
\o     in /u/55/55/cadence/DesignKits/UMC090_ET4293/designkit/cds.lib
\o to suppress this warning message.
MPS request: update library list
Main selection: EE4615 _c_array_verification schematic
Invoking command (editProperties).
MPS request: edit property
Invoking command (editRename).
Showing dialog "Rename Cell EE4615/_c_array_verification" (renameDialog).
Dialog activated Ok in "Rename Cell EE4615/_c_array_verification" (renameDialog).
\o Renaming cell "_c_array_verification" to "_standard_load_verification" in library "EE4615".
Showing dialog "Rename Monitor - 5 Files" (copyProgressDialog).
\o Copying EE4615/_c_array_verification/schematic
\o Transfer of 5 files phase complete in  0:00:00
Closing dialog "Rename Monitor - 5 Files" (copyProgressDialog).
\o Performing instance update.
\o Start running ccpCdbaUpdtr ...
\o *WARNING* LIB basic from File /home/sandervanleeuw/EE4615/work_space/cell_design/cds.lib Line 7 redefines
\o ccpCdbaUpdtr ran successfully ...
\o LIB basic from File /u/55/55/cadence/DesignKits/UMC090_ET4293/designkit/cds.lib
\o Insert UNDEFINE basic
\o before DEFINE basic
\o     in /home/sandervanleeuw/EE4615/work_space/cell_design/cds.lib
\o Or remove or comment out DEFINE basic
\o     in /u/55/55/cadence/DesignKits/UMC090_ET4293/designkit/cds.lib
\o to suppress this warning message.
\o Loading umc90nm/libInit.il ...
\o 	Loading umc90nm/loadCxt.ile ... done!
\o 	Loading context 'umc90nm' from library 'umc90nm' ... done!
\o 	Loading context 'pdkUtils' from library 'umc90nm' ... done!
\o 	Loading context 'Util' from library 'umc90nm' ... done!
\o 	Loading context 'RF_CB_all' from library 'umc90nm' ... done!
\o 	Loading context 'MM_other_CB' from library 'umc90nm' ... done!
\o 	Loading context 'OIF_OCF_CB_all' from library 'umc90nm' ... done!
\o 	Loading umc90nm/.cdsenv ... done!
\o 	Loading umc90nm/libInitCustomExit.il ... done!
\o Loaded umc90nm/libInit.il successfully!
Closing dialog "Rename Cell EE4615/_c_array_verification" (renameDialog).
\o Warning: LIB basic from File /home/sandervanleeuw/EE4615/work_space/cell_design/cds.lib Line 7 redefines
\o LIB basic from File /u/55/55/cadence/DesignKits/UMC090_ET4293/designkit/cds.lib
\o Insert UNDEFINE basic
\o before DEFINE basic
\o     in /home/sandervanleeuw/EE4615/work_space/cell_design/cds.lib
\o Or remove or comment out DEFINE basic
\o     in /u/55/55/cadence/DesignKits/UMC090_ET4293/designkit/cds.lib
\o to suppress this warning message.
MPS request: update library list
Main selection: EE4615 _standard_load_verification
\o Opening design file through session server.
MPS request: edit design
\o Warning: LIB basic from File /home/sandervanleeuw/EE4615/work_space/cell_design/cds.lib Line 7 redefines
\o LIB basic from File /u/55/55/cadence/DesignKits/UMC090_ET4293/designkit/cds.lib
\o Insert UNDEFINE basic
\o before DEFINE basic
\o     in /home/sandervanleeuw/EE4615/work_space/cell_design/cds.lib
\o Or remove or comment out DEFINE basic
\o     in /u/55/55/cadence/DesignKits/UMC090_ET4293/designkit/cds.lib
\o to suppress this warning message.
Main selection: EE4615 _standard_load_verification schematic
MPS request: update library list
\o Opening design file through session server.
MPS request: edit design
Main selection: EE4615 standard_load
\o Opening design file through session server.
MPS request: edit design
Main selection: EE4615 standard_load schematic
\o Opening design file through session server.
MPS request: edit design
\o Warning: LIB basic from File /home/sandervanleeuw/EE4615/work_space/cell_design/cds.lib Line 7 redefines
\o LIB basic from File /u/55/55/cadence/DesignKits/UMC090_ET4293/designkit/cds.lib
\o Insert UNDEFINE basic
\o before DEFINE basic
\o     in /home/sandervanleeuw/EE4615/work_space/cell_design/cds.lib
\o Or remove or comment out DEFINE basic
\o     in /u/55/55/cadence/DesignKits/UMC090_ET4293/designkit/cds.lib
\o to suppress this warning message.
MPS request: update library list
\o Opening design file through session server.
MPS request: edit design
Main selection: EE4615 standard_load symbol
\o Opening design file through session server.
MPS request: edit design
Main selection: EE4615 _standard_load_verification
\o Opening design file through session server.
MPS request: edit design
\o Warning: LIB basic from File /home/sandervanleeuw/EE4615/work_space/cell_design/cds.lib Line 7 redefines
\o LIB basic from File /u/55/55/cadence/DesignKits/UMC090_ET4293/designkit/cds.lib
\o Insert UNDEFINE basic
\o before DEFINE basic
\o     in /home/sandervanleeuw/EE4615/work_space/cell_design/cds.lib
\o Or remove or comment out DEFINE basic
\o     in /u/55/55/cadence/DesignKits/UMC090_ET4293/designkit/cds.lib
\o to suppress this warning message.
Main selection: EE4615 _standard_load_verification schematic
MPS request: update library list
\o Opening design file through session server.
MPS request: edit design
Main selection: EE4615 standard_load symbol
\o Opening design file through session server.
MPS request: edit design
\o Warning: LIB basic from File /home/sandervanleeuw/EE4615/work_space/cell_design/cds.lib Line 7 redefines
\o LIB basic from File /u/55/55/cadence/DesignKits/UMC090_ET4293/designkit/cds.lib
\o Insert UNDEFINE basic
\o before DEFINE basic
\o     in /home/sandervanleeuw/EE4615/work_space/cell_design/cds.lib
\o Or remove or comment out DEFINE basic
\o     in /u/55/55/cadence/DesignKits/UMC090_ET4293/designkit/cds.lib
\o to suppress this warning message.
MPS request: update library list
Main selection: EE4615 standard_load schematic
\o Opening design file through session server.
MPS request: edit design
Main selection: EE4615 standard_load symbol
\o Opening design file through session server.
MPS request: edit design
Main selection: EE4615 standard_load schematic
\o Opening design file through session server.
MPS request: edit design
\o libManager is exiting.
